0 info it worked if it ends with ok
1 verbose cli [ 'C:\\Users\\andpel\\workspace\\ReactExample\\target\\node\\node.exe',
1 verbose cli   'C:\\Users\\andpel\\workspace\\ReactExample\\target\\node\\node_modules\\npm\\bin\\npm-cli.js',
1 verbose cli   'install' ]
2 info using npm@3.9.2
3 info using node@v4.4.5
4 silly loadCurrentTree Starting
5 silly install loadCurrentTree
6 silly install readLocalPackageData
7 silly install normalizeTree
8 silly loadCurrentTree Finishing
9 silly loadIdealTree Starting
10 silly install loadIdealTree
11 silly cloneCurrentTree Starting
12 silly install cloneCurrentTreeToIdealTree
13 silly cloneCurrentTree Finishing
14 silly loadShrinkwrap Starting
15 silly install loadShrinkwrap
16 silly loadShrinkwrap Finishing
17 silly loadAllDepsIntoIdealTree Starting
18 silly install loadAllDepsIntoIdealTree
19 silly fetchNamedPackageData sockjs-client
20 silly mapToRegistry name sockjs-client
21 silly mapToRegistry using default registry
22 silly mapToRegistry registry https://registry.npmjs.org/
23 silly mapToRegistry data Result {
23 silly mapToRegistry   raw: 'sockjs-client',
23 silly mapToRegistry   scope: null,
23 silly mapToRegistry   name: 'sockjs-client',
23 silly mapToRegistry   rawSpec: '',
23 silly mapToRegistry   spec: 'latest',
23 silly mapToRegistry   type: 'tag' }
24 silly mapToRegistry uri https://registry.npmjs.org/sockjs-client
25 silly fetchNamedPackageData stompjs
26 silly mapToRegistry name stompjs
27 silly mapToRegistry using default registry
28 silly mapToRegistry registry https://registry.npmjs.org/
29 silly mapToRegistry data Result {
29 silly mapToRegistry   raw: 'stompjs',
29 silly mapToRegistry   scope: null,
29 silly mapToRegistry   name: 'stompjs',
29 silly mapToRegistry   rawSpec: '',
29 silly mapToRegistry   spec: 'latest',
29 silly mapToRegistry   type: 'tag' }
30 silly mapToRegistry uri https://registry.npmjs.org/stompjs
31 verbose request uri https://registry.npmjs.org/sockjs-client
32 verbose request no auth needed
33 info attempt registry request try #1 at 5:06:03 PM
34 verbose request id 71efe1c3fab368a6
35 http request GET https://registry.npmjs.org/sockjs-client
36 verbose request uri https://registry.npmjs.org/stompjs
37 verbose request no auth needed
38 info attempt registry request try #1 at 5:06:03 PM
39 http request GET https://registry.npmjs.org/stompjs
40 info retry will retry, error on last attempt: Error: unable to verify the first certificate
41 info retry will retry, error on last attempt: Error: unable to verify the first certificate
42 info attempt registry request try #2 at 5:06:13 PM
43 http request GET https://registry.npmjs.org/stompjs
44 info attempt registry request try #2 at 5:06:13 PM
45 http request GET https://registry.npmjs.org/sockjs-client
46 info retry will retry, error on last attempt: Error: unable to verify the first certificate
47 info retry will retry, error on last attempt: Error: unable to verify the first certificate
48 info attempt registry request try #3 at 5:07:14 PM
49 http request GET https://registry.npmjs.org/sockjs-client
50 info attempt registry request try #3 at 5:07:14 PM
51 http request GET https://registry.npmjs.org/stompjs
52 silly fetchPackageMetaData Error: unable to verify the first certificate
52 silly fetchPackageMetaData     at Error (native)
52 silly fetchPackageMetaData     at TLSSocket.<anonymous> (_tls_wrap.js:1017:38)
52 silly fetchPackageMetaData     at emitNone (events.js:67:13)
52 silly fetchPackageMetaData     at TLSSocket.emit (events.js:166:7)
52 silly fetchPackageMetaData     at TLSSocket._init.ssl.onclienthello.ssl.oncertcb.TLSSocket._finishInit (_tls_wrap.js:582:8)
52 silly fetchPackageMetaData     at TLSWrap.ssl.onclienthello.ssl.oncertcb.ssl.onnewsession.ssl.onhandshakedone (_tls_wrap.js:424:38)
52 silly fetchPackageMetaData  error for sockjs-client@^1.0.3 { [Error: unable to verify the first certificate] code: 'UNABLE_TO_VERIFY_LEAF_SIGNATURE' }
53 silly fetchPackageMetaData Error: unable to verify the first certificate
53 silly fetchPackageMetaData     at Error (native)
53 silly fetchPackageMetaData     at TLSSocket.<anonymous> (_tls_wrap.js:1017:38)
53 silly fetchPackageMetaData     at emitNone (events.js:67:13)
53 silly fetchPackageMetaData     at TLSSocket.emit (events.js:166:7)
53 silly fetchPackageMetaData     at TLSSocket._init.ssl.onclienthello.ssl.oncertcb.TLSSocket._finishInit (_tls_wrap.js:582:8)
53 silly fetchPackageMetaData     at TLSWrap.ssl.onclienthello.ssl.oncertcb.ssl.onnewsession.ssl.onhandshakedone (_tls_wrap.js:424:38)
53 silly fetchPackageMetaData  error for stompjs@^2.3.3 { [Error: unable to verify the first certificate] code: 'UNABLE_TO_VERIFY_LEAF_SIGNATURE' }
54 silly rollbackFailedOptional Starting
55 silly rollbackFailedOptional Finishing
56 silly runTopLevelLifecycles Starting
57 silly runTopLevelLifecycles Finishing
58 silly install printInstalled
59 verbose stack Error: unable to verify the first certificate
59 verbose stack     at Error (native)
59 verbose stack     at TLSSocket.<anonymous> (_tls_wrap.js:1017:38)
59 verbose stack     at emitNone (events.js:67:13)
59 verbose stack     at TLSSocket.emit (events.js:166:7)
59 verbose stack     at TLSSocket._init.ssl.onclienthello.ssl.oncertcb.TLSSocket._finishInit (_tls_wrap.js:582:8)
59 verbose stack     at TLSWrap.ssl.onclienthello.ssl.oncertcb.ssl.onnewsession.ssl.onhandshakedone (_tls_wrap.js:424:38)
60 verbose cwd C:\Users\andpel\workspace\ReactExample
61 error Windows_NT 6.1.7601
62 error argv "C:\\Users\\andpel\\workspace\\ReactExample\\target\\node\\node.exe" "C:\\Users\\andpel\\workspace\\ReactExample\\target\\node\\node_modules\\npm\\bin\\npm-cli.js" "install"
63 error node v4.4.5
64 error npm  v3.9.2
65 error code UNABLE_TO_VERIFY_LEAF_SIGNATURE
66 error unable to verify the first certificate
67 error If you need help, you may report this error at:
67 error     <https://github.com/npm/npm/issues>
68 verbose exit [ 1, true ]
